[0m2021.06.28 15:57:19 INFO  Started: Metals version 0.10.4 in workspace 'C:\Users\User\Desktop\proj_folder' for client Visual Studio Code 1.57.1.[0m
[0m2021.06.28 15:57:27 INFO  time: initialize in 8.24s[0m
[0m2021.06.28 15:57:27 WARN  Build server is not auto-connectable.[0m
[0m2021.06.28 15:57:27 WARN  no build tool detected in workspace 'C:\Users\User\Desktop\proj_folder'. The most common cause for this problem is that the editor was opened in the wrong working directory, for example if you use sbt then the workspace directory should contain build.sbt. [0m
[0m2021.07.06 12:44:37 INFO  shutting down Metals[0m
[0m2021.07.12 13:27:55 INFO  Started: Metals version 0.10.4 in workspace 'C:\Users\User\Desktop\proj_folder' for client Visual Studio Code 1.58.0.[0m
[0m2021.07.12 13:27:58 INFO  time: initialize in 2.96s[0m
[0m2021.07.12 13:27:58 WARN  Build server is not auto-connectable.[0m
[0m2021.07.12 13:27:58 WARN  no build tool detected in workspace 'C:\Users\User\Desktop\proj_folder'. The most common cause for this problem is that the editor was opened in the wrong working directory, for example if you use sbt then the workspace directory should contain build.sbt. [0m
[0m2021.07.12 19:06:04 INFO  shutting down Metals[0m
[0m2021.07.25 13:15:42 INFO  Started: Metals version 0.10.5 in workspace 'C:\Users\User\Desktop\proj_folder' for client Visual Studio Code 1.58.2.[0m
[0m2021.07.25 13:15:48 INFO  time: initialize in 5.39s[0m
[0m2021.07.25 13:15:49 WARN  Build server is not auto-connectable.[0m
[0m2021.07.25 13:15:49 WARN  no build tool detected in workspace 'C:\Users\User\Desktop\proj_folder'. The most common cause for this problem is that the editor was opened in the wrong working directory, for example if you use sbt then the workspace directory should contain build.sbt. [0m
Jul 25, 2021 6:13:48 PM org.eclipse.lsp4j.jsonrpc.services.GenericEndpoint notify
INFO: Unsupported notification method: $/setTrace
Jul 25, 2021 6:13:49 PM org.eclipse.lsp4j.jsonrpc.services.GenericEndpoint notify
INFO: Unsupported notification method: $/setTrace
[0m2021.07.27 11:53:35 INFO  Started: Metals version 0.10.5 in workspace 'C:\Users\User\Desktop\proj_folder' for client Visual Studio Code 1.58.2.[0m
[0m2021.07.27 11:53:49 INFO  time: initialize in 14s[0m
[0m2021.07.27 11:53:54 WARN  Build server is not auto-connectable.[0m
[0m2021.07.27 11:53:54 WARN  no build tool detected in workspace 'C:\Users\User\Desktop\proj_folder'. The most common cause for this problem is that the editor was opened in the wrong working directory, for example if you use sbt then the workspace directory should contain build.sbt. [0m
[0m2021.07.28 11:33:38 INFO  Started: Metals version 0.10.5 in workspace 'C:\Users\User\Desktop\proj_folder' for client Visual Studio Code 1.58.2.[0m
[0m2021.07.28 11:33:42 INFO  time: initialize in 4.04s[0m
[0m2021.07.28 11:33:47 WARN  Build server is not auto-connectable.[0m
[0m2021.07.28 11:33:47 WARN  no build tool detected in workspace 'C:\Users\User\Desktop\proj_folder'. The most common cause for this problem is that the editor was opened in the wrong working directory, for example if you use sbt then the workspace directory should contain build.sbt. [0m
[0m2021.08.02 11:24:33 INFO  shutting down Metals[0m
